<?xml version="1.0" encoding="UTF-8" ?>
<testsuite errors="0" failures="0" hostname="LAPTOP-I3LTI4VH" name="codeChain.StressTest" skipped="0" tests="1" time="0.087" timestamp="2018-12-05T21:59:11">
  <properties>
    <property name="java.vendor" value="Oracle Corporation" />
    <property name="sun.java.launcher" value="SUN_STANDARD" />
    <property name="sun.management.compiler" value="HotSpot 64-Bit Tiered Compilers" />
    <property name="os.name" value="Windows 10" />
    <property name="sun.boot.class.path" value="C:\Program Files\Java\jdk1.8.0_172\jre\lib\resources.jar;C:\Program Files\Java\jdk1.8.0_172\jre\lib\rt.jar;C:\Program Files\Java\jdk1.8.0_172\jre\lib\sunrsasign.jar;C:\Program Files\Java\jdk1.8.0_172\jre\lib\jsse.jar;C:\Program Files\Java\jdk1.8.0_172\jre\lib\jce.jar;C:\Program Files\Java\jdk1.8.0_172\jre\lib\charsets.jar;C:\Program Files\Java\jdk1.8.0_172\jre\lib\jfr.jar;C:\Program Files\Java\jdk1.8.0_172\jre\classes" />
    <property name="sun.desktop" value="windows" />
    <property name="java.vm.specification.vendor" value="Oracle Corporation" />
    <property name="ant.home" value="C:/Program Files/Ant/apache-ant-1.10.5" />
    <property name="java.runtime.version" value="1.8.0_172-b11" />
    <property name="user.name" value="kai97" />
    <property name="build.dir" value="build" />
    <property name="user.language" value="en" />
    <property name="sun.boot.library.path" value="C:\Program Files\Java\jdk1.8.0_172\jre\bin" />
    <property name="doc.dir" value="doc" />
    <property name="ant.project.name" value="codechain" />
    <property name="java.version" value="1.8.0_172" />
    <property name="user.timezone" value="" />
    <property name="sun.arch.data.model" value="64" />
    <property name="java.endorsed.dirs" value="C:\Program Files\Java\jdk1.8.0_172\jre\lib\endorsed" />
    <property name="sun.cpu.isalist" value="amd64" />
    <property name="sun.jnu.encoding" value="Cp1252" />
    <property name="file.encoding.pkg" value="sun.io" />
    <property name="file.separator" value="\" />
    <property name="java.specification.name" value="Java Platform API Specification" />
    <property name="java.class.version" value="52.0" />
    <property name="user.country" value="US" />
    <property name="java.home" value="C:\Program Files\Java\jdk1.8.0_172\jre" />
    <property name="java.vm.info" value="mixed mode" />
    <property name="main-class" value="codechain.CodeChain" />
    <property name="ant.file" value="C:\Users\kai97\eclipse-workspace\codechain\build.xml" />
    <property name="os.version" value="10.0" />
    <property name="path.separator" value=";" />
    <property name="java.vm.version" value="25.172-b11" />
    <property name="report.dir" value="report" />
    <property name="user.variant" value="" />
    <property name="ant.library.dir" value="C:/Program Files/Ant/apache-ant-1.10.5/lib" />
    <property name="java.awt.printerjob" value="sun.awt.windows.WPrinterJob" />
    <property name="sun.io.unicode.encoding" value="UnicodeLittle" />
    <property name="awt.toolkit" value="sun.awt.windows.WToolkit" />
    <property name="_jacoco.agentFile" value="C:\Users\kai97\AppData\Local\Temp\jacocoagent1349884693567229595.jar" />
    <property name="user.script" value="" />
    <property name="user.home" value="C:\Users\kai97" />
    <property name="java.specification.vendor" value="Oracle Corporation" />
    <property name="junit.dir" value="report/junit" />
    <property name="java.library.path" value="C:\Program Files\Java\jdk1.8.0_172\jre\bin;C:\WINDOWS\Sun\Java\bin;C:\WINDOWS\system32;C:\WINDOWS;C:\Users\kai97\bin;C:\Program Files\Git\mingw64\bin;C:\Program Files\Git\usr\local\bin;C:\Program Files\Git\usr\bin;C:\Program Files\Git\usr\bin;C:\Program Files\Git\mingw64\bin;C:\Program Files\Git\usr\bin;C:\Users\kai97\bin;C:\Program Files (x86)\Common Files\Oracle\Java\javapath;C:\Program Files\Ant\apache-ant-1.10.5\bin;C:\Program Files (x86)\Intel\iCLS Client;C:\Program Files\Intel\iCLS Client;C:\Windows\system32;C:\Windows;C:\Windows\System32\Wbem;C:\Windows\System32\WindowsPowerShell\v1.0;C:\Program Files (x86)\Intel\Intel(R) Management Engine Components\DAL;C:\Program Files\Intel\Intel(R) Management Engine Components\DAL;C:\Program Files (x86)\Intel\Intel(R) Management Engine Components\IPT;C:\Program Files\Intel\Intel(R) Management Engine Components\IPT;C:\Program Files (x86)\NVIDIA Corporation\PhysX\Common;C:\WINDOWS\system32;C:\WINDOWS;C:\WINDOWS\System32\Wbem;C:\WINDOWS\System32\WindowsPowerShell\v1.0;C:\WINDOWS\System32\OpenSSH;C:\Program Files\Git\cmd;C:\Program Files\Java\jdk1.8.0_172\bin;C:\Program Files\Java\jre1.8.0_191\bin;C:\Program Files\Java\jre1.8.0_172\lib;C:\Program Files\Java\jre1.8.0_172\bin;C:\Users\kai97\AppData\Local\Programs\Python\Python37\Scripts;C:\Users\kai97\AppData\Local\Programs\Python\Python37;C:\Users\kai97\AppData\Local\Microsoft\WindowsApps;C:\Modeltech_pe_edu_10.4a\win32pe_edu;C:\Users\kai97\AppData\Local\Programs\MiKTeX 2.9\miktex\bin\x64;C:\Program Files\Java\jre1.8.0_172\lib;C:\Program Files\Git\usr\bin\vendor_perl;C:\Program Files\Git\usr\bin\core_perl;." />
    <property name="java.vendor.url" value="http://java.oracle.com/" />
    <property name="java.vm.vendor" value="Oracle Corporation" />
    <property name="java.runtime.name" value="Java(TM) SE Runtime Environment" />
    <property name="sun.java.command" value="org.apache.tools.ant.taskdefs.optional.junit.JUnitTestRunner codeChain.StressTest skipNonTests=false filtertrace=false haltOnError=false haltOnFailure=false formatter=org.apache.tools.ant.taskdefs.optional.junit.OutErrSummaryJUnitResultFormatter showoutput=false outputtoformatters=true logfailedtests=true threadid=0 logtestlistenerevents=false formatter=org.apache.tools.ant.taskdefs.optional.junit.XMLJUnitResultFormatter,C:\Users\kai97\eclipse-workspace\codechain\report\junit\TEST-codeChain.StressTest.xml crashfile=C:\Users\kai97\eclipse-workspace\codechain\junitvmwatcher6484323793829908388.properties propsfile=C:\Users\kai97\eclipse-workspace\codechain\junit3255052447828558172.properties" />
    <property name="java.class.path" value="C:\Users\kai97\eclipse-workspace\codechain\build;C:\Program Files\Ant\apache-ant-1.10.5\lib\junit-4.10.jar;C:\Program Files\Ant\apache-ant-1.10.5\lib\ant-launcher.jar;C:\Program Files\Ant\apache-ant-1.10.5\lib\ant.jar;C:\Program Files\Ant\apache-ant-1.10.5\lib\ant-junit.jar;C:\Program Files\Ant\apache-ant-1.10.5\lib\ant-junit4.jar;C:\Users\kai97\AppData\Local\Temp\jacocoagent1349884693567229595.jar" />
    <property name="ant.version" value="Apache Ant(TM) version 1.10.5 compiled on July 10 2018" />
    <property name="jacoco.file" value="report/jacoco/jacoco.exec" />
    <property name="java.vm.specification.name" value="Java Virtual Machine Specification" />
    <property name="ant.file.type" value="file" />
    <property name="java.vm.specification.version" value="1.8" />
    <property name="sun.cpu.endian" value="little" />
    <property name="sun.os.patch.level" value="" />
    <property name="java.io.tmpdir" value="C:\Users\kai97\AppData\Local\Temp\" />
    <property name="java.vendor.url.bug" value="http://bugreport.sun.com/bugreport/" />
    <property name="os.arch" value="amd64" />
    <property name="java.awt.graphicsenv" value="sun.awt.Win32GraphicsEnvironment" />
    <property name="ant.file.codechain" value="C:\Users\kai97\eclipse-workspace\codechain\build.xml" />
    <property name="java.ext.dirs" value="C:\Program Files\Java\jdk1.8.0_172\jre\lib\ext;C:\WINDOWS\Sun\Java\lib\ext" />
    <property name="user.dir" value="C:\Users\kai97\eclipse-workspace\codechain" />
    <property name="jacoco.dir" value="report/jacoco" />
    <property name="line.separator" value="&#xd;&#xa;" />
    <property name="java.vm.name" value="Java HotSpot(TM) 64-Bit Server VM" />
    <property name="basedir" value="C:\Users\kai97\eclipse-workspace\codechain" />
    <property name="ant.java.version" value="1.8" />
    <property name="ant.core.lib" value="C:\Program Files\Ant\apache-ant-1.10.5\lib\ant.jar" />
    <property name="file.encoding" value="Cp1252" />
    <property name="java.specification.version" value="1.8" />
    <property name="src.dir" value="src" />
    <property name="ant.project.invoked-targets" value="test" />
    <property name="ant.file.type.codechain" value="file" />
  </properties>
  <testcase classname="codeChain.StressTest" name="stressTest" time="0.009" />
  <system-out><![CDATA[]]></system-out>
  <system-err><![CDATA[]]></system-err>
</testsuite>
